<?xml version="1.0" encoding="UTF-8"?>
<testng-results ignored="0" total="2" passed="2" failed="0" skipped="0">
  <reporter-output>
  </reporter-output>
  <suite started-at="2024-03-01T13:03:09 IST" name="Suite" finished-at="2024-03-01T13:04:39 IST" duration-ms="89431">
    <groups>
    </groups>
    <test started-at="2024-03-01T13:03:09 IST" name="Test" finished-at="2024-03-01T13:04:39 IST" duration-ms="89431">
      <class name="opportunity_Module.CreateOpportunitiesTest">
        <test-method is-config="true" signature="bcConfig()[pri:0, instance:opportunity_Module.CreateOpportunitiesTest@4e5ed836]" started-at="2024-03-01T13:03:40 IST" name="bcConfig" finished-at="2024-03-01T13:03:43 IST" duration-ms="3312" status="PASS">
          <reporter-output>
          </reporter-output>
        </test-method> <!-- bcConfig -->
        <test-method is-config="true" signature="bmConfig()[pri:0, instance:opportunity_Module.CreateOpportunitiesTest@4e5ed836]" started-at="2024-03-01T13:03:43 IST" name="bmConfig" finished-at="2024-03-01T13:03:47 IST" duration-ms="4004" status="PASS">
          <reporter-output>
          </reporter-output>
        </test-method> <!-- bmConfig -->
        <test-method signature="createOpportunitiesWithOrganizationNameAndVerifyTest()[pri:0, instance:opportunity_Module.CreateOpportunitiesTest@4e5ed836]" started-at="2024-03-01T13:03:47 IST" name="createOpportunitiesWithOrganizationNameAndVerifyTest" finished-at="2024-03-01T13:04:36 IST" duration-ms="48532" status="PASS">
          <reporter-output>
          </reporter-output>
        </test-method> <!-- createOpportunitiesWithOrganizationNameAndVerifyTest -->
        <test-method is-config="true" signature="amConfig()[pri:0, instance:opportunity_Module.CreateOpportunitiesTest@4e5ed836]" started-at="2024-03-01T13:04:36 IST" name="amConfig" finished-at="2024-03-01T13:04:38 IST" duration-ms="2479" status="PASS">
          <reporter-output>
          </reporter-output>
        </test-method> <!-- amConfig -->
        <test-method is-config="true" signature="acConfig()[pri:0, instance:opportunity_Module.CreateOpportunitiesTest@4e5ed836]" started-at="2024-03-01T13:04:38 IST" name="acConfig" finished-at="2024-03-01T13:04:39 IST" duration-ms="403" status="PASS">
          <reporter-output>
          </reporter-output>
        </test-method> <!-- acConfig -->
      </class> <!-- opportunity_Module.CreateOpportunitiesTest -->
      <class name="leads_module.CreateALeadTest">
        <test-method is-config="true" signature="bsConfig()[pri:0, instance:leads_module.CreateALeadTest@1a245833]" started-at="2024-03-01T13:03:08 IST" name="bsConfig" finished-at="2024-03-01T13:03:09 IST" duration-ms="584" status="PASS">
          <reporter-output>
          </reporter-output>
        </test-method> <!-- bsConfig -->
        <test-method is-config="true" signature="bcConfig()[pri:0, instance:leads_module.CreateALeadTest@1a245833]" started-at="2024-03-01T13:03:10 IST" name="bcConfig" finished-at="2024-03-01T13:03:14 IST" duration-ms="4358" status="PASS">
          <reporter-output>
          </reporter-output>
        </test-method> <!-- bcConfig -->
        <test-method is-config="true" signature="bmConfig()[pri:0, instance:leads_module.CreateALeadTest@1a245833]" started-at="2024-03-01T13:03:14 IST" name="bmConfig" finished-at="2024-03-01T13:03:18 IST" duration-ms="4207" status="PASS">
          <reporter-output>
          </reporter-output>
        </test-method> <!-- bmConfig -->
        <test-method signature="toCreateALeadAndToVerifyTheLeadDetails()[pri:0, instance:leads_module.CreateALeadTest@1a245833]" started-at="2024-03-01T13:03:18 IST" name="toCreateALeadAndToVerifyTheLeadDetails" finished-at="2024-03-01T13:03:37 IST" duration-ms="18426" status="PASS">
          <reporter-output>
          </reporter-output>
        </test-method> <!-- toCreateALeadAndToVerifyTheLeadDetails -->
        <test-method is-config="true" signature="amConfig()[pri:0, instance:leads_module.CreateALeadTest@1a245833]" started-at="2024-03-01T13:03:37 IST" name="amConfig" finished-at="2024-03-01T13:03:39 IST" duration-ms="2541" status="PASS">
          <reporter-output>
          </reporter-output>
        </test-method> <!-- amConfig -->
        <test-method is-config="true" signature="acConfig()[pri:0, instance:leads_module.CreateALeadTest@1a245833]" started-at="2024-03-01T13:03:39 IST" name="acConfig" finished-at="2024-03-01T13:03:40 IST" duration-ms="445" status="PASS">
          <reporter-output>
          </reporter-output>
        </test-method> <!-- acConfig -->
        <test-method is-config="true" signature="asConfig()[pri:0, instance:leads_module.CreateALeadTest@1a245833]" started-at="2024-03-01T13:04:39 IST" name="asConfig" finished-at="2024-03-01T13:04:39 IST" duration-ms="14" status="PASS">
          <reporter-output>
          </reporter-output>
        </test-method> <!-- asConfig -->
      </class> <!-- leads_module.CreateALeadTest -->
    </test> <!-- Test -->
  </suite> <!-- Suite -->
</testng-results>
