<?xml version="1.0" encoding="UTF-8"?>
<testng-results ignored="2" total="4" passed="2" failed="0" skipped="0">
  <reporter-output>
  </reporter-output>
  <suite started-at="2024-03-01T13:14:51Z" name="Surefire suite" finished-at="2024-03-01T13:15:48Z" duration-ms="56593">
    <groups>
      <group name="regression">
        <method signature="CreateOpportunitiesTest.createOpportunitiesWithOrganizationNameAndVerifyTest()[pri:0, instance:opportunity_Module.CreateOpportunitiesTest@44c03695]" name="createOpportunitiesWithOrganizationNameAndVerifyTest" class="opportunity_Module.CreateOpportunitiesTest"/>
      </group> <!-- regression -->
      <group name="smoke">
        <method signature="CreateALeadTest.toCreateALeadAndToVerifyTheLeadDetails()[pri:0, instance:leads_module.CreateALeadTest@6150c3ec]" name="toCreateALeadAndToVerifyTheLeadDetails" class="leads_module.CreateALeadTest"/>
      </group> <!-- smoke -->
    </groups>
    <test started-at="2024-03-01T13:14:51Z" name="Surefire test" finished-at="2024-03-01T13:15:48Z" duration-ms="56593">
      <class name="opportunity_Module.CreateOpportunitiesTest">
        <test-method is-config="true" signature="bcConfig()[pri:0, instance:opportunity_Module.CreateOpportunitiesTest@44c03695]" started-at="2024-03-01T13:15:11Z" name="bcConfig" finished-at="2024-03-01T13:15:14Z" duration-ms="2292" status="PASS">
          <reporter-output>
          </reporter-output>
        </test-method> <!-- bcConfig -->
        <test-method is-config="true" signature="bmConfig()[pri:0, instance:opportunity_Module.CreateOpportunitiesTest@44c03695]" started-at="2024-03-01T13:15:14Z" name="bmConfig" finished-at="2024-03-01T13:15:17Z" duration-ms="3186" status="PASS">
          <reporter-output>
          </reporter-output>
        </test-method> <!-- bmConfig -->
        <test-method signature="createOpportunitiesWithOrganizationNameAndVerifyTest()[pri:0, instance:opportunity_Module.CreateOpportunitiesTest@44c03695]" started-at="2024-03-01T13:15:17Z" name="createOpportunitiesWithOrganizationNameAndVerifyTest" finished-at="2024-03-01T13:15:46Z" duration-ms="29068" status="PASS">
          <reporter-output>
          </reporter-output>
        </test-method> <!-- createOpportunitiesWithOrganizationNameAndVerifyTest -->
        <test-method is-config="true" signature="amConfig()[pri:0, instance:opportunity_Module.CreateOpportunitiesTest@44c03695]" started-at="2024-03-01T13:15:46Z" name="amConfig" finished-at="2024-03-01T13:15:48Z" duration-ms="1691" status="PASS">
          <reporter-output>
          </reporter-output>
        </test-method> <!-- amConfig -->
        <test-method is-config="true" signature="acConfig()[pri:0, instance:opportunity_Module.CreateOpportunitiesTest@44c03695]" started-at="2024-03-01T13:15:48Z" name="acConfig" finished-at="2024-03-01T13:15:48Z" duration-ms="277" status="PASS">
          <reporter-output>
          </reporter-output>
        </test-method> <!-- acConfig -->
      </class> <!-- opportunity_Module.CreateOpportunitiesTest -->
      <class name="leads_module.CreateALeadTest">
        <test-method is-config="true" signature="bsConfig()[pri:0, instance:leads_module.CreateALeadTest@6150c3ec]" started-at="2024-03-01T13:14:51Z" name="bsConfig" finished-at="2024-03-01T13:14:51Z" duration-ms="395" status="PASS">
          <reporter-output>
          </reporter-output>
        </test-method> <!-- bsConfig -->
        <test-method is-config="true" signature="bcConfig()[pri:0, instance:leads_module.CreateALeadTest@6150c3ec]" started-at="2024-03-01T13:14:52Z" name="bcConfig" finished-at="2024-03-01T13:14:55Z" duration-ms="3573" status="PASS">
          <reporter-output>
          </reporter-output>
        </test-method> <!-- bcConfig -->
        <test-method is-config="true" signature="bmConfig()[pri:0, instance:leads_module.CreateALeadTest@6150c3ec]" started-at="2024-03-01T13:14:55Z" name="bmConfig" finished-at="2024-03-01T13:14:58Z" duration-ms="2762" status="PASS">
          <reporter-output>
          </reporter-output>
        </test-method> <!-- bmConfig -->
        <test-method signature="toCreateALeadAndToVerifyTheLeadDetails()[pri:0, instance:leads_module.CreateALeadTest@6150c3ec]" started-at="2024-03-01T13:14:58Z" name="toCreateALeadAndToVerifyTheLeadDetails" finished-at="2024-03-01T13:15:09Z" duration-ms="11467" status="PASS">
          <reporter-output>
          </reporter-output>
        </test-method> <!-- toCreateALeadAndToVerifyTheLeadDetails -->
        <test-method is-config="true" signature="amConfig()[pri:0, instance:leads_module.CreateALeadTest@6150c3ec]" started-at="2024-03-01T13:15:09Z" name="amConfig" finished-at="2024-03-01T13:15:11Z" duration-ms="1591" status="PASS">
          <reporter-output>
          </reporter-output>
        </test-method> <!-- amConfig -->
        <test-method is-config="true" signature="acConfig()[pri:0, instance:leads_module.CreateALeadTest@6150c3ec]" started-at="2024-03-01T13:15:11Z" name="acConfig" finished-at="2024-03-01T13:15:11Z" duration-ms="290" status="PASS">
          <reporter-output>
          </reporter-output>
        </test-method> <!-- acConfig -->
        <test-method is-config="true" signature="asConfig()[pri:0, instance:leads_module.CreateALeadTest@6150c3ec]" started-at="2024-03-01T13:15:48Z" name="asConfig" finished-at="2024-03-01T13:15:48Z" duration-ms="10" status="PASS">
          <reporter-output>
          </reporter-output>
        </test-method> <!-- asConfig -->
      </class> <!-- leads_module.CreateALeadTest -->
    </test> <!-- Surefire test -->
  </suite> <!-- Surefire suite -->
</testng-results>
