<?xml version="1.0" encoding="UTF-8"?>
<!-- Generated by org.testng.reporters.JUnitXMLReporter -->
<testsuite ignored="2" hostname="Mritunjay" failures="0" tests="2" name="Surefire test" time="56.593" errors="0" timestamp="01 Mar 2024 13:15:48 GMT">
  <testcase classname="leads_module.CreateALeadTest" name="toCreateALeadAndToVerifyTheLeadDetails" time="11.467"/>
  <testcase classname="opportunity_Module.CreateOpportunitiesTest" name="createOpportunitiesWithOrganizationNameAndVerifyTest" time="29.068"/>
  <testcase classname="genericUtility.BaseClass" name="@AfterSuite asConfig" time="0.0">
    <ignored/>
  </testcase> <!-- @AfterSuite asConfig -->
  <testcase classname="genericUtility.BaseClass" name="@BeforeSuite bsConfig" time="0.0">
    <ignored/>
  </testcase> <!-- @BeforeSuite bsConfig -->
</testsuite> <!-- Surefire test -->
