<?xml version="1.0" encoding="UTF-8"?>
<!-- Generated by org.testng.reporters.JUnitXMLReporter -->
<testsuite ignored="2" hostname="Mritunjay" failures="0" tests="2" name="Test" time="89.431" errors="0" timestamp="2024-03-01T13:04:39 IST">
  <testcase classname="leads_module.CreateALeadTest" name="toCreateALeadAndToVerifyTheLeadDetails" time="18.426"/>
  <testcase classname="opportunity_Module.CreateOpportunitiesTest" name="createOpportunitiesWithOrganizationNameAndVerifyTest" time="48.532"/>
  <testcase classname="genericUtility.BaseClass" name="@AfterSuite asConfig" time="0.0">
    <ignored/>
  </testcase> <!-- @AfterSuite asConfig -->
  <testcase classname="genericUtility.BaseClass" name="@BeforeSuite bsConfig" time="0.0">
    <ignored/>
  </testcase> <!-- @BeforeSuite bsConfig -->
</testsuite> <!-- Test -->
